<?xml version="1.0" encoding="UTF-8"?>
<!-- Generated by org.testng.reporters.JUnitXMLReporter -->
<testsuite ignored="0" hostname="ATMECSINLT-013" failures="2" tests="2" name="tutorialsninjaproductavailable" time="35.232" errors="0" timestamp="19 Nov 2019 13:48:42 GMT">
  <testcase classname="com.atmecs.assesment.qaautomation.testscripts.TutorialsninjaProductAvailability" name="addItemsTocart" time="11.702">
    <failure type="java.lang.NullPointerException">
      <![CDATA[java.lang.NullPointerException
at java.base/java.io.File.<init>(File.java:276)
at com.aventstack.extentreports.reporter.BasicFileReporter.init(BasicFileReporter.java:106)
at com.aventstack.extentreports.reporter.ExtentHtmlReporter.<init>(ExtentHtmlReporter.java:30)
at com.atmecs.assesment.qaautomation.utils.ExtentReport.reportLog(ExtentReport.java:17)
at com.atmecs.assesment.qaautomation.testscripts.TutorialsninjaProductAvailability.addItemsTocart(TutorialsninjaProductAvailability.java:83)
... Removed 25 stack frames]]>
    </failure>
  </testcase> <!-- addItemsTocart -->
  <testcase classname="com.atmecs.assesment.qaautomation.testscripts.TutorialsninjaProductAvailability" name="addItemsTocart" time="8.613">
    <failure type="java.lang.NullPointerException">
      <![CDATA[java.lang.NullPointerException
at java.base/java.io.File.<init>(File.java:276)
at com.aventstack.extentreports.reporter.BasicFileReporter.init(BasicFileReporter.java:106)
at com.aventstack.extentreports.reporter.ExtentHtmlReporter.<init>(ExtentHtmlReporter.java:30)
at com.atmecs.assesment.qaautomation.utils.ExtentReport.reportLog(ExtentReport.java:17)
at com.atmecs.assesment.qaautomation.testscripts.TutorialsninjaProductAvailability.addItemsTocart(TutorialsninjaProductAvailability.java:83)
... Removed 25 stack frames]]>
    </failure>
  </testcase> <!-- addItemsTocart -->
</testsuite> <!-- tutorialsninjaproductavailable -->
